<?xml version="1.0" encoding="UTF-8"?>
<Site BuildName="(empty)"
	BuildStamp="20250301-1440-Experimental"
	Name="MagicZero"
	Generator="ctest-3.28.3"
	CompilerName="/usr/bin/c++"
	CompilerVersion="13.3.0"
	OSName="Linux"
	Hostname="MagicZero"
	OSRelease="5.15.167.4-microsoft-standard-WSL2"
	OSVersion="#1 SMP Tue Nov 5 00:21:55 UTC 2024"
	OSPlatform="x86_64"
	Is64Bits="1"
	VendorString="GenuineIntel"
	VendorID="Intel Corporation"
	FamilyID="6"
	ModelID="142"
	ProcessorCacheSize="8192"
	NumberOfLogicalCPU="8"
	NumberOfPhysicalCPU="4"
	TotalVirtualMemory="2048"
	TotalPhysicalMemory="7872"
	LogicalProcessorsPerPhysical="2"
	ProcessorClockFrequency="1992"
	>
	<Testing>
		<StartDateTime>Mar 01 15:40 CET</StartDateTime>
		<StartTestTime>1740840056</StartTestTime>
		<TestList/>
		<EndDateTime>Mar 01 15:40 CET</EndDateTime>
		<EndTestTime>1740840056</EndTestTime>
		<ElapsedMinutes>0</ElapsedMinutes>
	</Testing>
</Site>
